2025-12-11T00:16:59.781+08:00  INFO 18972 --- [electronic-gaming-platform] [SpringApplicationShutdownHook] o.s.boot.tomcat.GracefulShutdown         : Commencing graceful shutdown. Waiting for active requests to complete
2025-12-11T00:16:59.794+08:00  INFO 18972 --- [electronic-gaming-platform] [tomcat-shutdown] o.s.boot.tomcat.GracefulShutdown         : Graceful shutdown complete
2025-12-11T10:44:11.540+08:00  INFO 24048 --- [electronic-gaming-platform] [main] .e.e.ElectronicGamingPlatformApplication : Starting ElectronicGamingPlatformApplication using Java 25 with PID 24048 (D:\code\electronic-gaming-platform\target\classes started by wang in D:\code\electronic-gaming-platform)
2025-12-11T10:44:11.543+08:00  INFO 24048 --- [electronic-gaming-platform] [main] .e.e.ElectronicGamingPlatformApplication : No active profile set, falling back to 1 default profile: "default"
2025-12-11T10:44:12.637+08:00  INFO 24048 --- [electronic-gaming-platform] [main] o.s.boot.tomcat.TomcatWebServer          : Tomcat initialized with port 8080 (http)
2025-12-11T10:44:12.649+08:00  INFO 24048 --- [electronic-gaming-platform] [main] o.apache.catalina.core.StandardService   : Starting service [Tomcat]
2025-12-11T10:44:12.649+08:00  INFO 24048 --- [electronic-gaming-platform] [main] o.apache.catalina.core.StandardEngine    : Starting Servlet engine: [Apache Tomcat/11.0.14]
2025-12-11T10:44:12.679+08:00  INFO 24048 --- [electronic-gaming-platform] [main] b.w.c.s.WebApplicationContextInitializer : Root WebApplicationContext: initialization completed in 1099 ms
2025-12-11T10:44:13.010+08:00  INFO 24048 --- [electronic-gaming-platform] [main] o.s.boot.tomcat.TomcatWebServer          : Tomcat started on port 8080 (http) with context path '/'
2025-12-11T10:44:13.013+08:00  INFO 24048 --- [electronic-gaming-platform] [main] .e.e.ElectronicGamingPlatformApplication : Started ElectronicGamingPlatformApplication in 1.95 seconds (process running for 9.317)
2025-12-11T10:46:18.131+08:00  INFO 24048 --- [electronic-gaming-platform] [http-nio-8080-exec-1] o.a.c.c.C.[Tomcat].[localhost].[/]       : Initializing Spring DispatcherServlet 'dispatcherServlet'
2025-12-11T10:46:18.132+08:00  INFO 24048 --- [electronic-gaming-platform] [http-nio-8080-exec-1] o.s.web.servlet.DispatcherServlet        : Initializing Servlet 'dispatcherServlet'
2025-12-11T10:46:18.134+08:00  INFO 24048 --- [electronic-gaming-platform] [http-nio-8080-exec-1] o.s.web.servlet.DispatcherServlet        : Completed initialization in 2 ms
2025-12-11T11:00:09.064+08:00  INFO 24048 --- [electronic-gaming-platform] [SpringApplicationShutdownHook] o.s.boot.tomcat.GracefulShutdown         : Commencing graceful shutdown. Waiting for active requests to complete
2025-12-11T11:00:09.076+08:00  INFO 24048 --- [electronic-gaming-platform] [tomcat-shutdown] o.s.boot.tomcat.GracefulShutdown         : Graceful shutdown complete
2025-12-11T11:00:15.674+08:00  INFO 24732 --- [electronic-gaming-platform] [main] .e.e.ElectronicGamingPlatformApplication : Starting ElectronicGamingPlatformApplication using Java 25 with PID 24732 (D:\code\electronic-gaming-platform\target\classes started by wang in D:\code\electronic-gaming-platform)
2025-12-11T11:00:15.676+08:00  INFO 24732 --- [electronic-gaming-platform] [main] .e.e.ElectronicGamingPlatformApplication : No active profile set, falling back to 1 default profile: "default"
2025-12-11T11:00:16.472+08:00  INFO 24732 --- [electronic-gaming-platform] [main] o.s.boot.tomcat.TomcatWebServer          : Tomcat initialized with port 8080 (http)
2025-12-11T11:00:16.484+08:00  INFO 24732 --- [electronic-gaming-platform] [main] o.apache.catalina.core.StandardService   : Starting service [Tomcat]
2025-12-11T11:00:16.484+08:00  INFO 24732 --- [electronic-gaming-platform] [main] o.apache.catalina.core.StandardEngine    : Starting Servlet engine: [Apache Tomcat/11.0.14]
2025-12-11T11:00:16.515+08:00  INFO 24732 --- [electronic-gaming-platform] [main] b.w.c.s.WebApplicationContextInitializer : Root WebApplicationContext: initialization completed in 805 ms
2025-12-11T11:00:16.793+08:00  INFO 24732 --- [electronic-gaming-platform] [main] o.s.boot.tomcat.TomcatWebServer          : Tomcat started on port 8080 (http) with context path '/'
2025-12-11T11:00:16.796+08:00  INFO 24732 --- [electronic-gaming-platform] [main] .e.e.ElectronicGamingPlatformApplication : Started ElectronicGamingPlatformApplication in 1.464 seconds (process running for 2.087)
2025-12-11T11:02:26.944+08:00  INFO 24732 --- [electronic-gaming-platform] [http-nio-8080-exec-1] o.a.c.c.C.[Tomcat].[localhost].[/]       : Initializing Spring DispatcherServlet 'dispatcherServlet'
2025-12-11T11:02:26.945+08:00  INFO 24732 --- [electronic-gaming-platform] [http-nio-8080-exec-1] o.s.web.servlet.DispatcherServlet        : Initializing Servlet 'dispatcherServlet'
2025-12-11T11:02:26.946+08:00  INFO 24732 --- [electronic-gaming-platform] [http-nio-8080-exec-1] o.s.web.servlet.DispatcherServlet        : Completed initialization in 1 ms
2025-12-11T11:05:15.680+08:00  INFO 24732 --- [electronic-gaming-platform] [SpringApplicationShutdownHook] o.s.boot.tomcat.GracefulShutdown         : Commencing graceful shutdown. Waiting for active requests to complete
2025-12-11T11:05:15.686+08:00  INFO 24732 --- [electronic-gaming-platform] [tomcat-shutdown] o.s.boot.tomcat.GracefulShutdown         : Graceful shutdown complete
2025-12-11T11:05:17.780+08:00  INFO 9480 --- [electronic-gaming-platform] [main] .e.e.ElectronicGamingPlatformApplication : Starting ElectronicGamingPlatformApplication using Java 25 with PID 9480 (D:\code\electronic-gaming-platform\target\classes started by wang in D:\code\electronic-gaming-platform)
2025-12-11T11:05:17.782+08:00  INFO 9480 --- [electronic-gaming-platform] [main] .e.e.ElectronicGamingPlatformApplication : No active profile set, falling back to 1 default profile: "default"
2025-12-11T11:05:18.284+08:00  INFO 9480 --- [electronic-gaming-platform] [main] o.s.boot.tomcat.TomcatWebServer          : Tomcat initialized with port 8080 (http)
2025-12-11T11:05:18.293+08:00  INFO 9480 --- [electronic-gaming-platform] [main] o.apache.catalina.core.StandardService   : Starting service [Tomcat]
2025-12-11T11:05:18.293+08:00  INFO 9480 --- [electronic-gaming-platform] [main] o.apache.catalina.core.StandardEngine    : Starting Servlet engine: [Apache Tomcat/11.0.14]
2025-12-11T11:05:18.327+08:00  INFO 9480 --- [electronic-gaming-platform] [main] b.w.c.s.WebApplicationContextInitializer : Root WebApplicationContext: initialization completed in 517 ms
2025-12-11T11:05:18.553+08:00  INFO 9480 --- [electronic-gaming-platform] [main] o.s.boot.tomcat.TomcatWebServer          : Tomcat started on port 8080 (http) with context path '/'
2025-12-11T11:05:18.556+08:00  INFO 9480 --- [electronic-gaming-platform] [main] .e.e.ElectronicGamingPlatformApplication : Started ElectronicGamingPlatformApplication in 1.019 seconds (process running for 1.306)
2025-12-11T11:05:35.542+08:00  INFO 9480 --- [electronic-gaming-platform] [http-nio-8080-exec-1] o.a.c.c.C.[Tomcat].[localhost].[/]       : Initializing Spring DispatcherServlet 'dispatcherServlet'
2025-12-11T11:05:35.542+08:00  INFO 9480 --- [electronic-gaming-platform] [http-nio-8080-exec-1] o.s.web.servlet.DispatcherServlet        : Initializing Servlet 'dispatcherServlet'
2025-12-11T11:05:35.543+08:00  INFO 9480 --- [electronic-gaming-platform] [http-nio-8080-exec-1] o.s.web.servlet.DispatcherServlet        : Completed initialization in 1 ms
2025-12-11T11:13:15.909+08:00  INFO 9480 --- [electronic-gaming-platform] [SpringApplicationShutdownHook] o.s.boot.tomcat.GracefulShutdown         : Commencing graceful shutdown. Waiting for active requests to complete
2025-12-11T11:13:15.914+08:00  INFO 9480 --- [electronic-gaming-platform] [tomcat-shutdown] o.s.boot.tomcat.GracefulShutdown         : Graceful shutdown complete
2025-12-11T11:13:18.278+08:00  INFO 12804 --- [electronic-gaming-platform] [main] .e.e.ElectronicGamingPlatformApplication : Starting ElectronicGamingPlatformApplication using Java 25 with PID 12804 (D:\code\electronic-gaming-platform\target\classes started by wang in D:\code\electronic-gaming-platform)
2025-12-11T11:13:18.280+08:00  INFO 12804 --- [electronic-gaming-platform] [main] .e.e.ElectronicGamingPlatformApplication : No active profile set, falling back to 1 default profile: "default"
2025-12-11T11:13:18.877+08:00  INFO 12804 --- [electronic-gaming-platform] [main] o.s.boot.tomcat.TomcatWebServer          : Tomcat initialized with port 8080 (http)
2025-12-11T11:13:18.885+08:00  INFO 12804 --- [electronic-gaming-platform] [main] o.apache.catalina.core.StandardService   : Starting service [Tomcat]
2025-12-11T11:13:18.886+08:00  INFO 12804 --- [electronic-gaming-platform] [main] o.apache.catalina.core.StandardEngine    : Starting Servlet engine: [Apache Tomcat/11.0.14]
2025-12-11T11:13:18.915+08:00  INFO 12804 --- [electronic-gaming-platform] [main] b.w.c.s.WebApplicationContextInitializer : Root WebApplicationContext: initialization completed in 607 ms
2025-12-11T11:13:19.166+08:00  INFO 12804 --- [electronic-gaming-platform] [main] o.s.boot.tomcat.TomcatWebServer          : Tomcat started on port 8080 (http) with context path '/'
2025-12-11T11:13:19.169+08:00  INFO 12804 --- [electronic-gaming-platform] [main] .e.e.ElectronicGamingPlatformApplication : Started ElectronicGamingPlatformApplication in 1.132 seconds (process running for 1.421)
2025-12-11T11:13:24.644+08:00  INFO 12804 --- [electronic-gaming-platform] [http-nio-8080-exec-1] o.a.c.c.C.[Tomcat].[localhost].[/]       : Initializing Spring DispatcherServlet 'dispatcherServlet'
2025-12-11T11:13:24.644+08:00  INFO 12804 --- [electronic-gaming-platform] [http-nio-8080-exec-1] o.s.web.servlet.DispatcherServlet        : Initializing Servlet 'dispatcherServlet'
2025-12-11T11:13:24.645+08:00  INFO 12804 --- [electronic-gaming-platform] [http-nio-8080-exec-1] o.s.web.servlet.DispatcherServlet        : Completed initialization in 1 ms
2025-12-11T12:08:36.883+08:00  INFO 12804 --- [electronic-gaming-platform] [SpringApplicationShutdownHook] o.s.boot.tomcat.GracefulShutdown         : Commencing graceful shutdown. Waiting for active requests to complete
2025-12-11T12:08:36.892+08:00  INFO 12804 --- [electronic-gaming-platform] [tomcat-shutdown] o.s.boot.tomcat.GracefulShutdown         : Graceful shutdown complete
2025-12-11T12:08:39.674+08:00  INFO 12056 --- [electronic-gaming-platform] [main] .e.e.ElectronicGamingPlatformApplication : Starting ElectronicGamingPlatformApplication using Java 25 with PID 12056 (D:\code\electronic-gaming-platform\target\classes started by wang in D:\code\electronic-gaming-platform)
2025-12-11T12:08:39.675+08:00  INFO 12056 --- [electronic-gaming-platform] [main] .e.e.ElectronicGamingPlatformApplication : No active profile set, falling back to 1 default profile: "default"
2025-12-11T12:08:40.243+08:00  INFO 12056 --- [electronic-gaming-platform] [main] o.s.boot.tomcat.TomcatWebServer          : Tomcat initialized with port 8080 (http)
2025-12-11T12:08:40.253+08:00  INFO 12056 --- [electronic-gaming-platform] [main] o.apache.catalina.core.StandardService   : Starting service [Tomcat]
2025-12-11T12:08:40.253+08:00  INFO 12056 --- [electronic-gaming-platform] [main] o.apache.catalina.core.StandardEngine    : Starting Servlet engine: [Apache Tomcat/11.0.14]
2025-12-11T12:08:40.282+08:00  INFO 12056 --- [electronic-gaming-platform] [main] b.w.c.s.WebApplicationContextInitializer : Root WebApplicationContext: initialization completed in 579 ms
2025-12-11T12:08:40.542+08:00  INFO 12056 --- [electronic-gaming-platform] [main] o.s.boot.tomcat.TomcatWebServer          : Tomcat started on port 8080 (http) with context path '/'
2025-12-11T12:08:40.546+08:00  INFO 12056 --- [electronic-gaming-platform] [main] .e.e.ElectronicGamingPlatformApplication : Started ElectronicGamingPlatformApplication in 1.12 seconds (process running for 1.439)
2025-12-11T12:08:46.694+08:00  INFO 12056 --- [electronic-gaming-platform] [http-nio-8080-exec-1] o.a.c.c.C.[Tomcat].[localhost].[/]       : Initializing Spring DispatcherServlet 'dispatcherServlet'
2025-12-11T12:08:46.694+08:00  INFO 12056 --- [electronic-gaming-platform] [http-nio-8080-exec-1] o.s.web.servlet.DispatcherServlet        : Initializing Servlet 'dispatcherServlet'
2025-12-11T12:08:46.695+08:00  INFO 12056 --- [electronic-gaming-platform] [http-nio-8080-exec-1] o.s.web.servlet.DispatcherServlet        : Completed initialization in 0 ms
2025-12-11T12:15:43.982+08:00  WARN 12056 --- [electronic-gaming-platform] [http-nio-8080-exec-7] .w.s.m.s.DefaultHandlerExceptionResolver : Resolved [org.springframework.web.HttpRequestMethodNotSupportedException: Request method 'POST' is not supported]
2025-12-11T12:16:06.941+08:00  WARN 12056 --- [electronic-gaming-platform] [http-nio-8080-exec-4] .w.s.m.s.DefaultHandlerExceptionResolver : Resolved [org.springframework.web.HttpRequestMethodNotSupportedException: Request method 'POST' is not supported]
2025-12-11T12:16:30.290+08:00  WARN 12056 --- [electronic-gaming-platform] [http-nio-8080-exec-9] .w.s.m.s.DefaultHandlerExceptionResolver : Resolved [org.springframework.web.HttpRequestMethodNotSupportedException: Request method 'POST' is not supported]
